{"name":"As a registered user, user should be able to logged in","status":"failed","statusDetails":{"known":false,"muted":false,"flaky":false,"message":"no such element: Unable to locate element: {\"method\":\"css selector\",\"selector\":\".form__input\\ search\\-form__submit\"}\n  (Session info: chrome=89.0.4389.114)\nFor documentation on this error, please visit: http://seleniumhq.org/exceptions/no_such_element.html\nBuild info: version: '3.14.0', revision: 'aacccce0', time: '2018-08-02T20:19:58.91Z'\nSystem info: host: 'Rajas-MacBook-Air.local', ip: '2401:4900:4d4f:8ce1:c940:566c:3dc2:4685%en0', os.name: 'Mac OS X', os.arch: 'x86_64', os.version: '10.15.6', java.version: '11.0.9.1'\nDriver info: org.openqa.selenium.chrome.ChromeDriver\nCapabilities {acceptInsecureCerts: false, browserName: chrome, browserVersion: 89.0.4389.114, chrome: {chromedriverVersion: 89.0.4389.23 (61b08ee2c5002..., userDataDir: /var/folders/hg/2nzy44_j6pz...}, goog:chromeOptions: {debuggerAddress: localhost:64540}, javascriptEnabled: true, networkConnectionEnabled: false, pageLoadStrategy: normal, platform: MAC, platformName: MAC, proxy: Proxy(), setWindowRect: true, strictFileInteractability: false, timeouts: {implicit: 0, pageLoad: 300000, script: 30000}, unhandledPromptBehavior: dismiss and notify, webauthn:extension:largeBlob: true, webauthn:virtualAuthenticators: true}\nSession ID: ecbc57bc6b3fb5f2094e603e0aa6cbc3\n*** Element info: {Using=class name, value=form__input search-form__submit} on page https://www.volkskrant.nl/search","trace":"java.lang.AssertionError: no such element: Unable to locate element: {\"method\":\"css selector\",\"selector\":\".form__input\\ search\\-form__submit\"}\n  (Session info: chrome=89.0.4389.114)\nFor documentation on this error, please visit: http://seleniumhq.org/exceptions/no_such_element.html\nBuild info: version: '3.14.0', revision: 'aacccce0', time: '2018-08-02T20:19:58.91Z'\nSystem info: host: 'Rajas-MacBook-Air.local', ip: '2401:4900:4d4f:8ce1:c940:566c:3dc2:4685%en0', os.name: 'Mac OS X', os.arch: 'x86_64', os.version: '10.15.6', java.version: '11.0.9.1'\nDriver info: org.openqa.selenium.chrome.ChromeDriver\nCapabilities {acceptInsecureCerts: false, browserName: chrome, browserVersion: 89.0.4389.114, chrome: {chromedriverVersion: 89.0.4389.23 (61b08ee2c5002..., userDataDir: /var/folders/hg/2nzy44_j6pz...}, goog:chromeOptions: {debuggerAddress: localhost:64540}, javascriptEnabled: true, networkConnectionEnabled: false, pageLoadStrategy: normal, platform: MAC, platformName: MAC, proxy: Proxy(), setWindowRect: true, strictFileInteractability: false, timeouts: {implicit: 0, pageLoad: 300000, script: 30000}, unhandledPromptBehavior: dismiss and notify, webauthn:extension:largeBlob: true, webauthn:virtualAuthenticators: true}\nSession ID: ecbc57bc6b3fb5f2094e603e0aa6cbc3\n*** Element info: {Using=class name, value=form__input search-form__submit} on page https://www.volkskrant.nl/search\n\tat org.testng.Assert.fail(Assert.java:96)\n\tat Common.DriverHelper.handleException(DriverHelper.java:82)\n\tat Common.DriverHelper.click(DriverHelper.java:74)\n\tat PageObjects.SearchPage.enterArticleToSearch(SearchPage.java:48)\n\tat StepDefinitions.SearchStepDefinition.userSearchesArticle(SearchStepDefinition.java:28)\n\tat ✽.User searches for article named corona virus(file:src/test/java/Features/ValidateSearchArticle.feature:7)\n"},"stage":"finished","steps":[{"name":"Given  User has launched the webpage","status":"passed","statusDetails":{"known":false,"muted":false,"flaky":false},"stage":"finished","steps":[],"attachments":[],"parameters":[],"start":1617965872048,"stop":1617965898667},{"name":"When  User clicks on search article icon","status":"passed","statusDetails":{"known":false,"muted":false,"flaky":false},"stage":"finished","steps":[],"attachments":[],"parameters":[],"start":1617965898668,"stop":1617965905340},{"name":"And  User searches for article named corona virus","status":"failed","statusDetails":{"known":false,"muted":false,"flaky":false,"message":"no such element: Unable to locate element: {\"method\":\"css selector\",\"selector\":\".form__input\\ search\\-form__submit\"}\n  (Session info: chrome=89.0.4389.114)\nFor documentation on this error, please visit: http://seleniumhq.org/exceptions/no_such_element.html\nBuild info: version: '3.14.0', revision: 'aacccce0', time: '2018-08-02T20:19:58.91Z'\nSystem info: host: 'Rajas-MacBook-Air.local', ip: '2401:4900:4d4f:8ce1:c940:566c:3dc2:4685%en0', os.name: 'Mac OS X', os.arch: 'x86_64', os.version: '10.15.6', java.version: '11.0.9.1'\nDriver info: org.openqa.selenium.chrome.ChromeDriver\nCapabilities {acceptInsecureCerts: false, browserName: chrome, browserVersion: 89.0.4389.114, chrome: {chromedriverVersion: 89.0.4389.23 (61b08ee2c5002..., userDataDir: /var/folders/hg/2nzy44_j6pz...}, goog:chromeOptions: {debuggerAddress: localhost:64540}, javascriptEnabled: true, networkConnectionEnabled: false, pageLoadStrategy: normal, platform: MAC, platformName: MAC, proxy: Proxy(), setWindowRect: true, strictFileInteractability: false, timeouts: {implicit: 0, pageLoad: 300000, script: 30000}, unhandledPromptBehavior: dismiss and notify, webauthn:extension:largeBlob: true, webauthn:virtualAuthenticators: true}\nSession ID: ecbc57bc6b3fb5f2094e603e0aa6cbc3\n*** Element info: {Using=class name, value=form__input search-form__submit} on page https://www.volkskrant.nl/search","trace":"java.lang.AssertionError: no such element: Unable to locate element: {\"method\":\"css selector\",\"selector\":\".form__input\\ search\\-form__submit\"}\n  (Session info: chrome=89.0.4389.114)\nFor documentation on this error, please visit: http://seleniumhq.org/exceptions/no_such_element.html\nBuild info: version: '3.14.0', revision: 'aacccce0', time: '2018-08-02T20:19:58.91Z'\nSystem info: host: 'Rajas-MacBook-Air.local', ip: '2401:4900:4d4f:8ce1:c940:566c:3dc2:4685%en0', os.name: 'Mac OS X', os.arch: 'x86_64', os.version: '10.15.6', java.version: '11.0.9.1'\nDriver info: org.openqa.selenium.chrome.ChromeDriver\nCapabilities {acceptInsecureCerts: false, browserName: chrome, browserVersion: 89.0.4389.114, chrome: {chromedriverVersion: 89.0.4389.23 (61b08ee2c5002..., userDataDir: /var/folders/hg/2nzy44_j6pz...}, goog:chromeOptions: {debuggerAddress: localhost:64540}, javascriptEnabled: true, networkConnectionEnabled: false, pageLoadStrategy: normal, platform: MAC, platformName: MAC, proxy: Proxy(), setWindowRect: true, strictFileInteractability: false, timeouts: {implicit: 0, pageLoad: 300000, script: 30000}, unhandledPromptBehavior: dismiss and notify, webauthn:extension:largeBlob: true, webauthn:virtualAuthenticators: true}\nSession ID: ecbc57bc6b3fb5f2094e603e0aa6cbc3\n*** Element info: {Using=class name, value=form__input search-form__submit} on page https://www.volkskrant.nl/search\n\tat org.testng.Assert.fail(Assert.java:96)\n\tat Common.DriverHelper.handleException(DriverHelper.java:82)\n\tat Common.DriverHelper.click(DriverHelper.java:74)\n\tat PageObjects.SearchPage.enterArticleToSearch(SearchPage.java:48)\n\tat StepDefinitions.SearchStepDefinition.userSearchesArticle(SearchStepDefinition.java:28)\n\tat ✽.User searches for article named corona virus(file:src/test/java/Features/ValidateSearchArticle.feature:7)\n"},"stage":"finished","steps":[],"attachments":[],"parameters":[],"start":1617965905341,"stop":1617965966461},{"name":"Then  User should find result for the searched article corona virus","status":"skipped","statusDetails":{"known":false,"muted":false,"flaky":false},"stage":"finished","steps":[],"attachments":[],"parameters":[],"start":1617965966461,"stop":1617965966462}],"attachments":[],"parameters":[],"start":1617965866844,"stop":1617965966526,"uuid":"c67aaaeb-02de-4a37-9c50-8bde52d654fc","historyId":"410ceb286ed31befec9d69384f7c296d","fullName":"Validate article search functionality: As a registered user, user should be able to logged in","labels":[{"name":"tag","value":"Search"},{"name":"host","value":"Rajas-MacBook-Air.local"},{"name":"thread","value":"29828@Rajas-MacBook-Air.local.TestNG-tests-1(14)"},{"name":"feature","value":"Validate article search functionality"},{"name":"story","value":"As a registered user, user should be able to logged in"},{"name":"package","value":"src.test.java.Features.Validate article search functionality"},{"name":"suite","value":"Validate article search functionality"},{"name":"testClass","value":"As a registered user, user should be able to logged in"},{"name":"framework","value":"cucumber4jvm"},{"name":"language","value":"java"},{"name":"gherkin_uri","value":"file:src/test/java/Features/ValidateSearchArticle.feature"}],"links":[]}